<?xml version="1.0" encoding="UTF-8"?>
<testsuite xmlns:xsi="http://www.w3.org/2001/XMLSchema-instance" xsi:noNamespaceSchemaLocation="https://maven.apache.org/surefire/maven-surefire-plugin/xsd/surefire-test-report-3.0.xsd" version="3.0" name="no.asmund.genetisk.model.CreatureTest" time="0.007" tests="7" errors="0" skipped="0" failures="0">
  <properties>
[...]
</properties>
  <testcase name="testRun" classname="no.asmund.genetisk.model.CreatureTest" time="0.001"/>
  <testcase name="testReset" classname="no.asmund.genetisk.model.CreatureTest" time="0.001"/>
  <testcase name="testCalculateFitness" classname="no.asmund.genetisk.model.CreatureTest" time="0"/>
  <testcase name="testReachTarget" classname="no.asmund.genetisk.model.CreatureTest" time="0"/>
  <testcase name="testCreatureInitialization" classname="no.asmund.genetisk.model.CreatureTest" time="0.001"/>
  <testcase name="testUpdate" classname="no.asmund.genetisk.model.CreatureTest" time="0"/>
  <testcase name="testCollisionWithObstacle" classname="no.asmund.genetisk.model.CreatureTest" time="0.001"/>
</testsuite>